<?xml version="1.0" encoding="UTF-8"?>
<testsuite xmlns:xsi="http://www.w3.org/2001/XMLSchema-instance" xsi:noNamespaceSchemaLocation="https://maven.apache.org/surefire/maven-surefire-plugin/xsd/surefire-test-report-3.0.xsd" version="3.0" name="org.example.MainTest" time="0.182" tests="6" errors="0" skipped="0" failures="0">
  <properties>
[...]
</properties>
  <testcase name="testProcessFileWithOneWord" classname="org.example.MainTest" time="0.083">
    <system-out><![CDATA[
+----------------------+-------+
| Number of words:     |  1  |
+----------------------+-------+
| Number of sentences: |  1  |
+----------------------+-------+

-----------------------------
| Phrases	| Count
-----------------------------
]]></system-out>
  </testcase>
  <testcase name="testProcessFileWithZeroTop" classname="org.example.MainTest" time="0.007">
    <system-out><![CDATA[
+----------------------+-------+
| Number of words:     |  9  |
+----------------------+-------+
| Number of sentences: |  2  |
+----------------------+-------+

-----------------------------
| Phrases	| Count
-----------------------------
]]></system-out>
  </testcase>
  <testcase name="testProcessFileWithValidInput" classname="org.example.MainTest" time="0.016">
    <system-out><![CDATA[
+----------------------+-------+
| Number of words:     |  25  |
+----------------------+-------+
| Number of sentences: |  2  |
+----------------------+-------+

-----------------------------
| Phrases	| Count
-----------------------------
| Lorem Ipsum	2 |
| dummy text	2 |
]]></system-out>
  </testcase>
  <testcase name="testMainWithValidArguments" classname="org.example.MainTest" time="0.017">
    <system-out><![CDATA[[-file, test.txt, -top, 5, -phraseSize, 2]

+----------------------+-------+
| Number of words:     |  25  |
+----------------------+-------+
| Number of sentences: |  2  |
+----------------------+-------+

-----------------------------
| Phrases	| Count
-----------------------------
| Lorem Ipsum	2 |
| dummy text	2 |
| typesetting industry.	1 |
| is simply	1 |
| industry's standard	1 |
]]></system-out>
  </testcase>
  <testcase name="testProcessFileWithEmptyFile" classname="org.example.MainTest" time="0.003">
    <system-out><![CDATA[
+----------------------+-------+
| Number of words:     |  1  |
+----------------------+-------+
| Number of sentences: |  1  |
+----------------------+-------+

-----------------------------
| Phrases	| Count
-----------------------------
]]></system-out>
  </testcase>
  <testcase name="testProcessFileWithLargePhraseSize" classname="org.example.MainTest" time="0.005">
    <system-out><![CDATA[
+----------------------+-------+
| Number of words:     |  9  |
+----------------------+-------+
| Number of sentences: |  2  |
+----------------------+-------+

-----------------------------
| Phrases	| Count
-----------------------------
]]></system-out>
  </testcase>
</testsuite>